# JRE version: OpenJDK Runtime Environment Temurin-17.0.5+8 (17.0.5+8) (build 17.0.5+8)
# Java VM: OpenJDK 64-Bit Server VM Temurin-17.0.5+8 (17.0.5+8, mixed mode, emulated-client, tiered, compressed oops, compressed class ptrs, g1 gc, windows-amd64)
GC Precious Log:
 CPUs: 4 total, 4 available
 Memory: 8060M
 Large Page Support: Disabled
 NUMA Support: Disabled
 Compressed Oops: Enabled (32-bit)
 Heap Region Size: 1M
 Heap Min Capacity: 8M
 Heap Initial Capacity: 126M
 Heap Max Capacity: 2016M
 Pre-touch: Disabled
 Parallel Workers: 4
 Concurrent Workers: 1
 Concurrent Refinement Workers: 4
 Periodic GC: Disabled
Heap:
 garbage-first heap   total 144384K, used 75768K [0x0000000082000000, 0x0000000100000000)
  region size 1024K, 5 young (5120K), 5 survivors (5120K)
 Metaspace       used 42339K, committed 42688K, reserved 1089536K
  class space    used 5293K, committed 5440K, reserved 1048576K
GC Heap History (20 events):
Event: 4.779 GC heap after
{Heap after GC invocations=11 (full 0):
 garbage-first heap   total 78848K, used 19048K [0x0000000082000000, 0x0000000100000000)
  region size 1024K, 3 young (3072K), 3 survivors (3072K)
 Metaspace       used 35679K, committed 35968K, reserved 1081344K
  class space    used 4657K, committed 4800K, reserved 1048576K
}
Event: 5.375 GC heap before
{Heap before GC invocations=12 (full 0):
 garbage-first heap   total 75776K, used 56936K [0x0000000082000000, 0x0000000100000000)
  region size 1024K, 41 young (41984K), 3 survivors (3072K)
 Metaspace       used 36995K, committed 37440K, reserved 1089536K
  class space    used 4831K, committed 5056K, reserved 1048576K
}
Event: 5.385 GC heap after
{Heap after GC invocations=13 (full 0):
 garbage-first heap   total 75776K, used 25376K [0x0000000082000000, 0x0000000100000000)
  region size 1024K, 6 young (6144K), 6 survivors (6144K)
 Metaspace       used 36995K, committed 37440K, reserved 1089536K
  class space    used 4831K, committed 5056K, reserved 1048576K
}
Event: 5.548 GC heap before
{Heap before GC invocations=13 (full 0):
 garbage-first heap   total 75776K, used 53024K [0x0000000082000000, 0x0000000100000000)
  region size 1024K, 33 young (33792K), 6 survivors (6144K)
 Metaspace       used 37694K, committed 38144K, reserved 1089536K
  class space    used 4907K, committed 5120K, reserved 1048576K
}
Event: 5.555 GC heap after
{Heap after GC invocations=14 (full 0):
 garbage-first heap   total 75776K, used 30791K [0x0000000082000000, 0x0000000100000000)
  region size 1024K, 5 young (5120K), 5 survivors (5120K)
 Metaspace       used 37694K, committed 38144K, reserved 1089536K
  class space    used 4907K, committed 5120K, reserved 1048576K
}
Event: 5.661 GC heap before
{Heap before GC invocations=14 (full 0):
 garbage-first heap   total 75776K, used 55367K [0x0000000082000000, 0x0000000100000000)
  region size 1024K, 29 young (29696K), 5 survivors (5120K)
 Metaspace       used 38129K, committed 38528K, reserved 1089536K
  class space    used 4936K, committed 5120K, reserved 1048576K
}
Event: 5.668 GC heap after
{Heap after GC invocations=15 (full 0):
 garbage-first heap   total 75776K, used 34993K [0x0000000082000000, 0x0000000100000000)
  region size 1024K, 4 young (4096K), 4 survivors (4096K)
 Metaspace       used 38129K, committed 38528K, reserved 1089536K
  class space    used 4936K, committed 5120K, reserved 1048576K
}
Event: 5.736 GC heap before
{Heap before GC invocations=15 (full 0):
 garbage-first heap   total 75776K, used 56497K [0x0000000082000000, 0x0000000100000000)
  region size 1024K, 25 young (25600K), 4 survivors (4096K)
 Metaspace       used 38646K, committed 39040K, reserved 1089536K
  class space    used 4956K, committed 5120K, reserved 1048576K
}
Event: 5.754 GC heap after
{Heap after GC invocations=16 (full 0):
 garbage-first heap   total 75776K, used 38962K [0x0000000082000000, 0x0000000100000000)
  region size 1024K, 4 young (4096K), 4 survivors (4096K)
 Metaspace       used 38646K, committed 39040K, reserved 1089536K
  class space    used 4956K, committed 5120K, reserved 1048576K
}
Event: 5.814 GC heap before
{Heap before GC invocations=16 (full 0):
 garbage-first heap   total 75776K, used 57394K [0x0000000082000000, 0x0000000100000000)
  region size 1024K, 22 young (22528K), 4 survivors (4096K)
 Metaspace       used 38650K, committed 39040K, reserved 1089536K
  class space    used 4956K, committed 5120K, reserved 1048576K
}
Event: 5.833 GC heap after
{Heap after GC invocations=17 (full 0):
 garbage-first heap   total 144384K, used 44659K [0x0000000082000000, 0x0000000100000000)
  region size 1024K, 3 young (3072K), 3 survivors (3072K)
 Metaspace       used 38650K, committed 39040K, reserved 1089536K
  class space    used 4956K, committed 5120K, reserved 1048576K
}
Event: 6.537 GC heap before
{Heap before GC invocations=18 (full 0):
 garbage-first heap   total 144384K, used 103027K [0x0000000082000000, 0x0000000100000000)
  region size 1024K, 60 young (61440K), 3 survivors (3072K)
 Metaspace       used 41358K, committed 41728K, reserved 1089536K
  class space    used 5189K, committed 5376K, reserved 1048576K
}
Event: 6.555 GC heap after
{Heap after GC invocations=19 (full 0):
 garbage-first heap   total 144384K, used 61656K [0x0000000082000000, 0x0000000100000000)
  region size 1024K, 8 young (8192K), 8 survivors (8192K)
 Metaspace       used 41358K, committed 41728K, reserved 1089536K
  class space    used 5189K, committed 5376K, reserved 1048576K
}
Event: 6.693 GC heap before
{Heap before GC invocations=19 (full 0):
 garbage-first heap   total 144384K, used 104664K [0x0000000082000000, 0x0000000100000000)
  region size 1024K, 50 young (51200K), 8 survivors (8192K)
 Metaspace       used 41964K, committed 42368K, reserved 1089536K
  class space    used 5254K, committed 5440K, reserved 1048576K
}
Event: 6.715 GC heap after
{Heap after GC invocations=20 (full 0):
 garbage-first heap   total 144384K, used 70945K [0x0000000082000000, 0x0000000100000000)
  region size 1024K, 7 young (7168K), 7 survivors (7168K)
 Metaspace       used 41964K, committed 42368K, reserved 1089536K
  class space    used 5254K, committed 5440K, reserved 1048576K
}
Event: 6.738 GC heap before
{Heap before GC invocations=20 (full 0):
 garbage-first heap   total 144384K, used 105761K [0x0000000082000000, 0x0000000100000000)
  region size 1024K, 42 young (43008K), 7 survivors (7168K)
 Metaspace       used 42152K, committed 42496K, reserved 1089536K
  class space    used 5277K, committed 5440K, reserved 1048576K
}
Event: 6.749 GC heap after
{Heap after GC invocations=21 (full 0):
 garbage-first heap   total 144384K, used 73466K [0x0000000082000000, 0x0000000100000000)
  region size 1024K, 3 young (3072K), 3 survivors (3072K)
 Metaspace       used 42152K, committed 42496K, reserved 1089536K
  class space    used 5277K, committed 5440K, reserved 1048576K
}
Event: 6.768 GC heap before
{Heap before GC invocations=21 (full 0):
 garbage-first heap   total 144384K, used 109306K [0x0000000082000000, 0x0000000100000000)
  region size 1024K, 39 young (39936K), 3 survivors (3072K)
 Metaspace       used 42279K, committed 42624K, reserved 1089536K
  class space    used 5285K, committed 5440K, reserved 1048576K
}
Event: 6.771 GC heap after
{Heap after GC invocations=22 (full 0):
 garbage-first heap   total 144384K, used 74437K [0x0000000082000000, 0x0000000100000000)
  region size 1024K, 4 young (4096K), 4 survivors (4096K)
 Metaspace       used 42279K, committed 42624K, reserved 1089536K
  class space    used 5285K, committed 5440K, reserved 1048576K
}
Event: 6.797 GC heap before
{Heap before GC invocations=22 (full 0):
 garbage-first heap   total 144384K, used 111301K [0x0000000082000000, 0x0000000100000000)
  region size 1024K, 41 young (41984K), 4 survivors (4096K)
 Metaspace       used 42339K, committed 42688K, reserved 1089536K
  class space    used 5293K, committed 5440K, reserved 1048576K
}

