# JRE version: OpenJDK Runtime Environment Temurin-17.0.5+8 (17.0.5+8) (build 17.0.5+8)
# Java VM: OpenJDK 64-Bit Server VM Temurin-17.0.5+8 (17.0.5+8, mixed mode, emulated-client, tiered, compressed oops, compressed class ptrs, g1 gc, windows-amd64)
GC Precious Log:
 CPUs: 4 total, 4 available
 Memory: 8060M
 Large Page Support: Disabled
 NUMA Support: Disabled
 Compressed Oops: Enabled (32-bit)
 Heap Region Size: 1M
 Heap Min Capacity: 8M
 Heap Initial Capacity: 126M
 Heap Max Capacity: 2016M
 Pre-touch: Disabled
 Parallel Workers: 4
 Concurrent Workers: 1
 Concurrent Refinement Workers: 4
 Periodic GC: Disabled
Heap:
 garbage-first heap   total 129024K, used 71242K [0x0000000082000000, 0x0000000100000000)
  region size 1024K, 2 young (2048K), 2 survivors (2048K)
 Metaspace       used 40669K, committed 41024K, reserved 1089536K
  class space    used 5146K, committed 5312K, reserved 1048576K
GC Heap History (20 events):
Event: 7.526 GC heap after
{Heap after GC invocations=14 (full 0):
 garbage-first heap   total 76800K, used 25970K [0x0000000082000000, 0x0000000100000000)
  region size 1024K, 2 young (2048K), 2 survivors (2048K)
 Metaspace       used 36292K, committed 36736K, reserved 1081344K
  class space    used 4773K, committed 4992K, reserved 1048576K
}
Event: 7.867 GC heap before
{Heap before GC invocations=14 (full 0):
 garbage-first heap   total 76800K, used 55666K [0x0000000082000000, 0x0000000100000000)
  region size 1024K, 32 young (32768K), 2 survivors (2048K)
 Metaspace       used 37245K, committed 37632K, reserved 1089536K
  class space    used 4857K, committed 5056K, reserved 1048576K
}
Event: 7.874 GC heap after
{Heap after GC invocations=15 (full 0):
 garbage-first heap   total 76800K, used 31603K [0x0000000082000000, 0x0000000100000000)
  region size 1024K, 4 young (4096K), 4 survivors (4096K)
 Metaspace       used 37245K, committed 37632K, reserved 1089536K
  class space    used 4857K, committed 5056K, reserved 1048576K
}
Event: 7.973 GC heap before
{Heap before GC invocations=15 (full 0):
 garbage-first heap   total 76800K, used 56179K [0x0000000082000000, 0x0000000100000000)
  region size 1024K, 28 young (28672K), 4 survivors (4096K)
 Metaspace       used 37753K, committed 38208K, reserved 1089536K
  class space    used 4912K, committed 5120K, reserved 1048576K
}
Event: 7.979 GC heap after
{Heap after GC invocations=16 (full 0):
 garbage-first heap   total 76800K, used 35840K [0x0000000082000000, 0x0000000100000000)
  region size 1024K, 4 young (4096K), 4 survivors (4096K)
 Metaspace       used 37753K, committed 38208K, reserved 1089536K
  class space    used 4912K, committed 5120K, reserved 1048576K
}
Event: 8.065 GC heap before
{Heap before GC invocations=16 (full 0):
 garbage-first heap   total 76800K, used 58368K [0x0000000082000000, 0x0000000100000000)
  region size 1024K, 26 young (26624K), 4 survivors (4096K)
 Metaspace       used 38029K, committed 38464K, reserved 1089536K
  class space    used 4931K, committed 5120K, reserved 1048576K
}
Event: 8.071 GC heap after
{Heap after GC invocations=17 (full 0):
 garbage-first heap   total 76800K, used 39658K [0x0000000082000000, 0x0000000100000000)
  region size 1024K, 4 young (4096K), 4 survivors (4096K)
 Metaspace       used 38029K, committed 38464K, reserved 1089536K
  class space    used 4931K, committed 5120K, reserved 1048576K
}
Event: 8.136 GC heap before
{Heap before GC invocations=17 (full 0):
 garbage-first heap   total 76800K, used 59114K [0x0000000082000000, 0x0000000100000000)
  region size 1024K, 23 young (23552K), 4 survivors (4096K)
 Metaspace       used 38198K, committed 38592K, reserved 1089536K
  class space    used 4940K, committed 5120K, reserved 1048576K
}
Event: 8.146 GC heap after
{Heap after GC invocations=18 (full 0):
 garbage-first heap   total 104448K, used 44783K [0x0000000082000000, 0x0000000100000000)
  region size 1024K, 3 young (3072K), 3 survivors (3072K)
 Metaspace       used 38198K, committed 38592K, reserved 1089536K
  class space    used 4940K, committed 5120K, reserved 1048576K
}
Event: 8.562 GC heap before
{Heap before GC invocations=19 (full 0):
 garbage-first heap   total 104448K, used 76527K [0x0000000082000000, 0x0000000100000000)
  region size 1024K, 35 young (35840K), 3 survivors (3072K)
 Metaspace       used 39443K, committed 39808K, reserved 1089536K
  class space    used 5037K, committed 5184K, reserved 1048576K
}
Event: 8.573 GC heap after
{Heap after GC invocations=20 (full 0):
 garbage-first heap   total 104448K, used 52467K [0x0000000082000000, 0x0000000100000000)
  region size 1024K, 5 young (5120K), 5 survivors (5120K)
 Metaspace       used 39443K, committed 39808K, reserved 1089536K
  class space    used 5037K, committed 5184K, reserved 1048576K
}
Event: 8.582 GC heap before
{Heap before GC invocations=20 (full 0):
 garbage-first heap   total 104448K, used 53491K [0x0000000082000000, 0x0000000100000000)
  region size 1024K, 6 young (6144K), 5 survivors (5120K)
 Metaspace       used 39489K, committed 39872K, reserved 1089536K
  class space    used 5040K, committed 5184K, reserved 1048576K
}
Event: 8.587 GC heap after
{Heap after GC invocations=21 (full 0):
 garbage-first heap   total 104448K, used 53142K [0x0000000082000000, 0x0000000100000000)
  region size 1024K, 1 young (1024K), 1 survivors (1024K)
 Metaspace       used 39489K, committed 39872K, reserved 1089536K
  class space    used 5040K, committed 5184K, reserved 1048576K
}
Event: 8.643 GC heap before
{Heap before GC invocations=21 (full 0):
 garbage-first heap   total 104448K, used 59286K [0x0000000082000000, 0x0000000100000000)
  region size 1024K, 8 young (8192K), 1 survivors (1024K)
 Metaspace       used 39651K, committed 40064K, reserved 1089536K
  class space    used 5078K, committed 5248K, reserved 1048576K
}
Event: 8.647 GC heap after
{Heap after GC invocations=22 (full 0):
 garbage-first heap   total 104448K, used 54589K [0x0000000082000000, 0x0000000100000000)
  region size 1024K, 3 young (3072K), 3 survivors (3072K)
 Metaspace       used 39651K, committed 40064K, reserved 1089536K
  class space    used 5078K, committed 5248K, reserved 1048576K
}
Event: 8.903 GC heap before
{Heap before GC invocations=23 (full 0):
 garbage-first heap   total 104448K, used 80189K [0x0000000082000000, 0x0000000100000000)
  region size 1024K, 27 young (27648K), 3 survivors (3072K)
 Metaspace       used 40281K, committed 40704K, reserved 1089536K
  class space    used 5136K, committed 5312K, reserved 1048576K
}
Event: 8.922 GC heap after
{Heap after GC invocations=24 (full 0):
 garbage-first heap   total 104448K, used 68608K [0x0000000082000000, 0x0000000100000000)
  region size 1024K, 4 young (4096K), 4 survivors (4096K)
 Metaspace       used 40281K, committed 40704K, reserved 1089536K
  class space    used 5136K, committed 5312K, reserved 1048576K
}
Event: 8.928 GC heap before
{Heap before GC invocations=24 (full 0):
 garbage-first heap   total 104448K, used 69632K [0x0000000082000000, 0x0000000100000000)
  region size 1024K, 5 young (5120K), 4 survivors (4096K)
 Metaspace       used 40281K, committed 40704K, reserved 1089536K
  class space    used 5136K, committed 5312K, reserved 1048576K
}
Event: 8.933 GC heap after
{Heap after GC invocations=25 (full 0):
 garbage-first heap   total 104448K, used 70399K [0x0000000082000000, 0x0000000100000000)
  region size 1024K, 1 young (1024K), 1 survivors (1024K)
 Metaspace       used 40281K, committed 40704K, reserved 1089536K
  class space    used 5136K, committed 5312K, reserved 1048576K
}
Event: 8.990 GC heap before
{Heap before GC invocations=25 (full 0):
 garbage-first heap   total 104448K, used 79615K [0x0000000082000000, 0x0000000100000000)
  region size 1024K, 11 young (11264K), 1 survivors (1024K)
 Metaspace       used 40669K, committed 41024K, reserved 1089536K
  class space    used 5146K, committed 5312K, reserved 1048576K
}

