# JRE version: OpenJDK Runtime Environment Temurin-17.0.5+8 (17.0.5+8) (build 17.0.5+8)
# Java VM: OpenJDK 64-Bit Server VM Temurin-17.0.5+8 (17.0.5+8, mixed mode, emulated-client, tiered, compressed oops, compressed class ptrs, g1 gc, windows-amd64)
GC Precious Log:
 CPUs: 4 total, 4 available
 Memory: 8060M
 Large Page Support: Disabled
 NUMA Support: Disabled
 Compressed Oops: Enabled (32-bit)
 Heap Region Size: 1M
 Heap Min Capacity: 8M
 Heap Initial Capacity: 126M
 Heap Max Capacity: 2016M
 Pre-touch: Disabled
 Parallel Workers: 4
 Concurrent Workers: 1
 Concurrent Refinement Workers: 4
 Periodic GC: Disabled
Heap:
 garbage-first heap   total 143360K, used 75122K [0x0000000082000000, 0x0000000100000000)
  region size 1024K, 2 young (2048K), 2 survivors (2048K)
 Metaspace       used 42165K, committed 42560K, reserved 1089536K
  class space    used 5274K, committed 5440K, reserved 1048576K
GC Heap History (20 events):
Event: 4.303 GC heap after
{Heap after GC invocations=11 (full 0):
 garbage-first heap   total 88064K, used 20584K [0x0000000082000000, 0x0000000100000000)
  region size 1024K, 2 young (2048K), 2 survivors (2048K)
 Metaspace       used 35770K, committed 36160K, reserved 1081344K
  class space    used 4678K, committed 4800K, reserved 1048576K
}
Event: 4.759 GC heap before
{Heap before GC invocations=12 (full 0):
 garbage-first heap   total 78848K, used 64616K [0x0000000082000000, 0x0000000100000000)
  region size 1024K, 46 young (47104K), 2 survivors (2048K)
 Metaspace       used 36998K, committed 37440K, reserved 1089536K
  class space    used 4831K, committed 5056K, reserved 1048576K
}
Event: 4.766 GC heap after
{Heap after GC invocations=13 (full 0):
 garbage-first heap   total 78848K, used 28596K [0x0000000082000000, 0x0000000100000000)
  region size 1024K, 6 young (6144K), 6 survivors (6144K)
 Metaspace       used 36998K, committed 37440K, reserved 1089536K
  class space    used 4831K, committed 5056K, reserved 1048576K
}
Event: 4.934 GC heap before
{Heap before GC invocations=13 (full 0):
 garbage-first heap   total 78848K, used 55220K [0x0000000082000000, 0x0000000100000000)
  region size 1024K, 33 young (33792K), 6 survivors (6144K)
 Metaspace       used 38045K, committed 38464K, reserved 1089536K
  class space    used 4931K, committed 5120K, reserved 1048576K
}
Event: 4.941 GC heap after
{Heap after GC invocations=14 (full 0):
 garbage-first heap   total 78848K, used 33320K [0x0000000082000000, 0x0000000100000000)
  region size 1024K, 5 young (5120K), 5 survivors (5120K)
 Metaspace       used 38045K, committed 38464K, reserved 1089536K
  class space    used 4931K, committed 5120K, reserved 1048576K
}
Event: 5.014 GC heap before
{Heap before GC invocations=14 (full 0):
 garbage-first heap   total 78848K, used 56872K [0x0000000082000000, 0x0000000100000000)
  region size 1024K, 29 young (29696K), 5 survivors (5120K)
 Metaspace       used 38772K, committed 39232K, reserved 1089536K
  class space    used 4963K, committed 5184K, reserved 1048576K
}
Event: 5.022 GC heap after
{Heap after GC invocations=15 (full 0):
 garbage-first heap   total 78848K, used 37404K [0x0000000082000000, 0x0000000100000000)
  region size 1024K, 4 young (4096K), 4 survivors (4096K)
 Metaspace       used 38772K, committed 39232K, reserved 1089536K
  class space    used 4963K, committed 5184K, reserved 1048576K
}
Event: 5.065 GC heap before
{Heap before GC invocations=15 (full 0):
 garbage-first heap   total 78848K, used 57884K [0x0000000082000000, 0x0000000100000000)
  region size 1024K, 25 young (25600K), 4 survivors (4096K)
 Metaspace       used 38799K, committed 39232K, reserved 1089536K
  class space    used 4969K, committed 5184K, reserved 1048576K
}
Event: 5.072 GC heap after
{Heap after GC invocations=16 (full 0):
 garbage-first heap   total 78848K, used 43173K [0x0000000082000000, 0x0000000100000000)
  region size 1024K, 4 young (4096K), 4 survivors (4096K)
 Metaspace       used 38799K, committed 39232K, reserved 1089536K
  class space    used 4969K, committed 5184K, reserved 1048576K
}
Event: 5.137 GC heap before
{Heap before GC invocations=16 (full 0):
 garbage-first heap   total 78848K, used 59557K [0x0000000082000000, 0x0000000100000000)
  region size 1024K, 20 young (20480K), 4 survivors (4096K)
 Metaspace       used 39004K, committed 39424K, reserved 1089536K
  class space    used 4990K, committed 5184K, reserved 1048576K
}
Event: 5.146 GC heap after
{Heap after GC invocations=17 (full 0):
 garbage-first heap   total 143360K, used 47388K [0x0000000082000000, 0x0000000100000000)
  region size 1024K, 3 young (3072K), 3 survivors (3072K)
 Metaspace       used 39004K, committed 39424K, reserved 1089536K
  class space    used 4990K, committed 5184K, reserved 1048576K
}
Event: 5.591 GC heap before
{Heap before GC invocations=18 (full 0):
 garbage-first heap   total 143360K, used 99612K [0x0000000082000000, 0x0000000100000000)
  region size 1024K, 54 young (55296K), 3 survivors (3072K)
 Metaspace       used 41442K, committed 41856K, reserved 1089536K
  class space    used 5194K, committed 5376K, reserved 1048576K
}
Event: 5.608 GC heap after
{Heap after GC invocations=19 (full 0):
 garbage-first heap   total 143360K, used 63233K [0x0000000082000000, 0x0000000100000000)
  region size 1024K, 7 young (7168K), 7 survivors (7168K)
 Metaspace       used 41442K, committed 41856K, reserved 1089536K
  class space    used 5194K, committed 5376K, reserved 1048576K
}
Event: 5.613 GC heap before
{Heap before GC invocations=19 (full 0):
 garbage-first heap   total 143360K, used 64257K [0x0000000082000000, 0x0000000100000000)
  region size 1024K, 8 young (8192K), 7 survivors (7168K)
 Metaspace       used 41479K, committed 41856K, reserved 1089536K
  class space    used 5199K, committed 5376K, reserved 1048576K
}
Event: 5.625 GC heap after
{Heap after GC invocations=20 (full 0):
 garbage-first heap   total 143360K, used 64608K [0x0000000082000000, 0x0000000100000000)
  region size 1024K, 1 young (1024K), 1 survivors (1024K)
 Metaspace       used 41479K, committed 41856K, reserved 1089536K
  class space    used 5199K, committed 5376K, reserved 1048576K
}
Event: 5.640 GC heap before
{Heap before GC invocations=20 (full 0):
 garbage-first heap   total 143360K, used 66656K [0x0000000082000000, 0x0000000100000000)
  region size 1024K, 5 young (5120K), 1 survivors (1024K)
 Metaspace       used 41602K, committed 41984K, reserved 1089536K
  class space    used 5223K, committed 5376K, reserved 1048576K
}
Event: 5.643 GC heap after
{Heap after GC invocations=21 (full 0):
 garbage-first heap   total 143360K, used 66347K [0x0000000082000000, 0x0000000100000000)
  region size 1024K, 3 young (3072K), 3 survivors (3072K)
 Metaspace       used 41602K, committed 41984K, reserved 1089536K
  class space    used 5223K, committed 5376K, reserved 1048576K
}
Event: 5.696 GC heap before
{Heap before GC invocations=21 (full 0):
 garbage-first heap   total 143360K, used 98091K [0x0000000082000000, 0x0000000100000000)
  region size 1024K, 34 young (34816K), 3 survivors (3072K)
 Metaspace       used 42110K, committed 42496K, reserved 1089536K
  class space    used 5265K, committed 5440K, reserved 1048576K
}
Event: 5.713 GC heap after
{Heap after GC invocations=22 (full 0):
 garbage-first heap   total 143360K, used 73074K [0x0000000082000000, 0x0000000100000000)
  region size 1024K, 5 young (5120K), 5 survivors (5120K)
 Metaspace       used 42110K, committed 42496K, reserved 1089536K
  class space    used 5265K, committed 5440K, reserved 1048576K
}
Event: 5.743 GC heap before
{Heap before GC invocations=22 (full 0):
 garbage-first heap   total 143360K, used 100722K [0x0000000082000000, 0x0000000100000000)
  region size 1024K, 33 young (33792K), 5 survivors (5120K)
 Metaspace       used 42165K, committed 42560K, reserved 1089536K
  class space    used 5274K, committed 5440K, reserved 1048576K
}

