# JRE version: OpenJDK Runtime Environment Temurin-17.0.5+8 (17.0.5+8) (build 17.0.5+8)
# Java VM: OpenJDK 64-Bit Server VM Temurin-17.0.5+8 (17.0.5+8, mixed mode, emulated-client, tiered, compressed oops, compressed class ptrs, g1 gc, windows-amd64)
GC Precious Log:
 CPUs: 4 total, 4 available
 Memory: 8060M
 Large Page Support: Disabled
 NUMA Support: Disabled
 Compressed Oops: Enabled (32-bit)
 Heap Region Size: 1M
 Heap Min Capacity: 8M
 Heap Initial Capacity: 126M
 Heap Max Capacity: 2016M
 Pre-touch: Disabled
 Parallel Workers: 4
 Concurrent Workers: 1
 Concurrent Refinement Workers: 4
 Periodic GC: Disabled
Heap:
 garbage-first heap   total 102400K, used 30658K [0x0000000082000000, 0x0000000100000000)
  region size 1024K, 1 young (1024K), 0 survivors (0K)
 Metaspace       used 59973K, committed 60480K, reserved 1105920K
  class space    used 8028K, committed 8256K, reserved 1048576K
GC Heap History (20 events):
Event: 6824.804 GC heap before
{Heap before GC invocations=668 (full 631):
 garbage-first heap   total 102400K, used 30658K [0x0000000082000000, 0x0000000100000000)
  region size 1024K, 1 young (1024K), 0 survivors (0K)
 Metaspace       used 59973K, committed 60480K, reserved 1105920K
  class space    used 8028K, committed 8256K, reserved 1048576K
}
Event: 6824.854 GC heap after
{Heap after GC invocations=669 (full 632):
 garbage-first heap   total 102400K, used 30658K [0x0000000082000000, 0x0000000100000000)
  region size 1024K, 0 young (0K), 0 survivors (0K)
 Metaspace       used 59973K, committed 60480K, reserved 1105920K
  class space    used 8028K, committed 8256K, reserved 1048576K
}
Event: 6835.384 GC heap before
{Heap before GC invocations=669 (full 632):
 garbage-first heap   total 102400K, used 30658K [0x0000000082000000, 0x0000000100000000)
  region size 1024K, 1 young (1024K), 0 survivors (0K)
 Metaspace       used 59973K, committed 60480K, reserved 1105920K
  class space    used 8028K, committed 8256K, reserved 1048576K
}
Event: 6835.440 GC heap after
{Heap after GC invocations=670 (full 633):
 garbage-first heap   total 102400K, used 30658K [0x0000000082000000, 0x0000000100000000)
  region size 1024K, 0 young (0K), 0 survivors (0K)
 Metaspace       used 59973K, committed 60480K, reserved 1105920K
  class space    used 8028K, committed 8256K, reserved 1048576K
}
Event: 6845.658 GC heap before
{Heap before GC invocations=670 (full 633):
 garbage-first heap   total 102400K, used 30658K [0x0000000082000000, 0x0000000100000000)
  region size 1024K, 1 young (1024K), 0 survivors (0K)
 Metaspace       used 59973K, committed 60480K, reserved 1105920K
  class space    used 8028K, committed 8256K, reserved 1048576K
}
Event: 6845.707 GC heap after
{Heap after GC invocations=671 (full 634):
 garbage-first heap   total 102400K, used 30658K [0x0000000082000000, 0x0000000100000000)
  region size 1024K, 0 young (0K), 0 survivors (0K)
 Metaspace       used 59973K, committed 60480K, reserved 1105920K
  class space    used 8028K, committed 8256K, reserved 1048576K
}
Event: 6855.880 GC heap before
{Heap before GC invocations=671 (full 634):
 garbage-first heap   total 102400K, used 30658K [0x0000000082000000, 0x0000000100000000)
  region size 1024K, 1 young (1024K), 0 survivors (0K)
 Metaspace       used 59973K, committed 60480K, reserved 1105920K
  class space    used 8028K, committed 8256K, reserved 1048576K
}
Event: 6855.929 GC heap after
{Heap after GC invocations=672 (full 635):
 garbage-first heap   total 102400K, used 30658K [0x0000000082000000, 0x0000000100000000)
  region size 1024K, 0 young (0K), 0 survivors (0K)
 Metaspace       used 59973K, committed 60480K, reserved 1105920K
  class space    used 8028K, committed 8256K, reserved 1048576K
}
Event: 6866.425 GC heap before
{Heap before GC invocations=672 (full 635):
 garbage-first heap   total 102400K, used 30658K [0x0000000082000000, 0x0000000100000000)
  region size 1024K, 1 young (1024K), 0 survivors (0K)
 Metaspace       used 59973K, committed 60480K, reserved 1105920K
  class space    used 8028K, committed 8256K, reserved 1048576K
}
Event: 6866.479 GC heap after
{Heap after GC invocations=673 (full 636):
 garbage-first heap   total 102400K, used 30658K [0x0000000082000000, 0x0000000100000000)
  region size 1024K, 0 young (0K), 0 survivors (0K)
 Metaspace       used 59973K, committed 60480K, reserved 1105920K
  class space    used 8028K, committed 8256K, reserved 1048576K
}
Event: 6876.862 GC heap before
{Heap before GC invocations=673 (full 636):
 garbage-first heap   total 102400K, used 30658K [0x0000000082000000, 0x0000000100000000)
  region size 1024K, 1 young (1024K), 0 survivors (0K)
 Metaspace       used 59973K, committed 60480K, reserved 1105920K
  class space    used 8028K, committed 8256K, reserved 1048576K
}
Event: 6876.910 GC heap after
{Heap after GC invocations=674 (full 637):
 garbage-first heap   total 102400K, used 30658K [0x0000000082000000, 0x0000000100000000)
  region size 1024K, 0 young (0K), 0 survivors (0K)
 Metaspace       used 59973K, committed 60480K, reserved 1105920K
  class space    used 8028K, committed 8256K, reserved 1048576K
}
Event: 6887.087 GC heap before
{Heap before GC invocations=674 (full 637):
 garbage-first heap   total 102400K, used 30658K [0x0000000082000000, 0x0000000100000000)
  region size 1024K, 1 young (1024K), 0 survivors (0K)
 Metaspace       used 59973K, committed 60480K, reserved 1105920K
  class space    used 8028K, committed 8256K, reserved 1048576K
}
Event: 6887.141 GC heap after
{Heap after GC invocations=675 (full 638):
 garbage-first heap   total 102400K, used 30658K [0x0000000082000000, 0x0000000100000000)
  region size 1024K, 0 young (0K), 0 survivors (0K)
 Metaspace       used 59973K, committed 60480K, reserved 1105920K
  class space    used 8028K, committed 8256K, reserved 1048576K
}
Event: 6897.313 GC heap before
{Heap before GC invocations=675 (full 638):
 garbage-first heap   total 102400K, used 30658K [0x0000000082000000, 0x0000000100000000)
  region size 1024K, 1 young (1024K), 0 survivors (0K)
 Metaspace       used 59973K, committed 60480K, reserved 1105920K
  class space    used 8028K, committed 8256K, reserved 1048576K
}
Event: 6897.364 GC heap after
{Heap after GC invocations=676 (full 639):
 garbage-first heap   total 102400K, used 30658K [0x0000000082000000, 0x0000000100000000)
  region size 1024K, 0 young (0K), 0 survivors (0K)
 Metaspace       used 59973K, committed 60480K, reserved 1105920K
  class space    used 8028K, committed 8256K, reserved 1048576K
}
Event: 6907.572 GC heap before
{Heap before GC invocations=676 (full 639):
 garbage-first heap   total 102400K, used 30658K [0x0000000082000000, 0x0000000100000000)
  region size 1024K, 1 young (1024K), 0 survivors (0K)
 Metaspace       used 59973K, committed 60480K, reserved 1105920K
  class space    used 8028K, committed 8256K, reserved 1048576K
}
Event: 6907.620 GC heap after
{Heap after GC invocations=677 (full 640):
 garbage-first heap   total 102400K, used 30658K [0x0000000082000000, 0x0000000100000000)
  region size 1024K, 0 young (0K), 0 survivors (0K)
 Metaspace       used 59973K, committed 60480K, reserved 1105920K
  class space    used 8028K, committed 8256K, reserved 1048576K
}
Event: 6918.680 GC heap before
{Heap before GC invocations=677 (full 640):
 garbage-first heap   total 102400K, used 30658K [0x0000000082000000, 0x0000000100000000)
  region size 1024K, 1 young (1024K), 0 survivors (0K)
 Metaspace       used 59973K, committed 60480K, reserved 1105920K
  class space    used 8028K, committed 8256K, reserved 1048576K
}
Event: 6918.735 GC heap after
{Heap after GC invocations=678 (full 641):
 garbage-first heap   total 102400K, used 30658K [0x0000000082000000, 0x0000000100000000)
  region size 1024K, 0 young (0K), 0 survivors (0K)
 Metaspace       used 59973K, committed 60480K, reserved 1105920K
  class space    used 8028K, committed 8256K, reserved 1048576K
}

