# JRE version: OpenJDK Runtime Environment Temurin-17.0.5+8 (17.0.5+8) (build 17.0.5+8)
# Java VM: OpenJDK 64-Bit Server VM Temurin-17.0.5+8 (17.0.5+8, mixed mode, emulated-client, tiered, compressed oops, compressed class ptrs, g1 gc, windows-amd64)
GC Precious Log:
 CPUs: 4 total, 4 available
 Memory: 8060M
 Large Page Support: Disabled
 NUMA Support: Disabled
 Compressed Oops: Enabled (32-bit)
 Heap Region Size: 1M
 Heap Min Capacity: 8M
 Heap Initial Capacity: 126M
 Heap Max Capacity: 2016M
 Pre-touch: Disabled
 Parallel Workers: 4
 Concurrent Workers: 1
 Concurrent Refinement Workers: 4
 Periodic GC: Disabled
Heap:
 garbage-first heap   total 237568K, used 89577K [0x0000000082000000, 0x0000000100000000)
  region size 1024K, 10 young (10240K), 10 survivors (10240K)
 Metaspace       used 46482K, committed 46976K, reserved 1097728K
  class space    used 5904K, committed 6144K, reserved 1048576K
GC Heap History (20 events):
Event: 4.670 GC heap after
{Heap after GC invocations=17 (full 0):
 garbage-first heap   total 118784K, used 41898K [0x0000000082000000, 0x0000000100000000)
  region size 1024K, 3 young (3072K), 3 survivors (3072K)
 Metaspace       used 39233K, committed 39680K, reserved 1089536K
  class space    used 5007K, committed 5184K, reserved 1048576K
}
Event: 5.197 GC heap before
{Heap before GC invocations=18 (full 0):
 garbage-first heap   total 118784K, used 87978K [0x0000000082000000, 0x0000000100000000)
  region size 1024K, 49 young (50176K), 3 survivors (3072K)
 Metaspace       used 41104K, committed 41472K, reserved 1089536K
  class space    used 5169K, committed 5312K, reserved 1048576K
}
Event: 5.211 GC heap after
{Heap after GC invocations=19 (full 0):
 garbage-first heap   total 118784K, used 54110K [0x0000000082000000, 0x0000000100000000)
  region size 1024K, 7 young (7168K), 7 survivors (7168K)
 Metaspace       used 41104K, committed 41472K, reserved 1089536K
  class space    used 5169K, committed 5312K, reserved 1048576K
}
Event: 5.325 GC heap before
{Heap before GC invocations=19 (full 0):
 garbage-first heap   total 118784K, used 88926K [0x0000000082000000, 0x0000000100000000)
  region size 1024K, 40 young (40960K), 7 survivors (7168K)
 Metaspace       used 42379K, committed 42752K, reserved 1089536K
  class space    used 5288K, committed 5440K, reserved 1048576K
}
Event: 5.350 GC heap after
{Heap after GC invocations=20 (full 0):
 garbage-first heap   total 118784K, used 70242K [0x0000000082000000, 0x0000000100000000)
  region size 1024K, 5 young (5120K), 5 survivors (5120K)
 Metaspace       used 42379K, committed 42752K, reserved 1089536K
  class space    used 5288K, committed 5440K, reserved 1048576K
}
Event: 5.375 GC heap before
{Heap before GC invocations=20 (full 0):
 garbage-first heap   total 118784K, used 89698K [0x0000000082000000, 0x0000000100000000)
  region size 1024K, 25 young (25600K), 5 survivors (5120K)
 Metaspace       used 42401K, committed 42752K, reserved 1089536K
  class space    used 5291K, committed 5440K, reserved 1048576K
}
Event: 5.379 GC heap after
{Heap after GC invocations=21 (full 0):
 garbage-first heap   total 118784K, used 72662K [0x0000000082000000, 0x0000000100000000)
  region size 1024K, 2 young (2048K), 2 survivors (2048K)
 Metaspace       used 42401K, committed 42752K, reserved 1089536K
  class space    used 5291K, committed 5440K, reserved 1048576K
}
Event: 5.397 GC heap before
{Heap before GC invocations=21 (full 0):
 garbage-first heap   total 118784K, used 92118K [0x0000000082000000, 0x0000000100000000)
  region size 1024K, 22 young (22528K), 2 survivors (2048K)
 Metaspace       used 42500K, committed 42880K, reserved 1089536K
  class space    used 5307K, committed 5504K, reserved 1048576K
}
Event: 5.398 GC heap after
{Heap after GC invocations=22 (full 0):
 garbage-first heap   total 118784K, used 73097K [0x0000000082000000, 0x0000000100000000)
  region size 1024K, 2 young (2048K), 2 survivors (2048K)
 Metaspace       used 42500K, committed 42880K, reserved 1089536K
  class space    used 5307K, committed 5504K, reserved 1048576K
}
Event: 5.416 GC heap before
{Heap before GC invocations=22 (full 0):
 garbage-first heap   total 118784K, used 93577K [0x0000000082000000, 0x0000000100000000)
  region size 1024K, 23 young (23552K), 2 survivors (2048K)
 Metaspace       used 42588K, committed 43008K, reserved 1089536K
  class space    used 5316K, committed 5504K, reserved 1048576K
}
Event: 5.419 GC heap after
{Heap after GC invocations=23 (full 0):
 garbage-first heap   total 237568K, used 74115K [0x0000000082000000, 0x0000000100000000)
  region size 1024K, 2 young (2048K), 2 survivors (2048K)
 Metaspace       used 42588K, committed 43008K, reserved 1089536K
  class space    used 5316K, committed 5504K, reserved 1048576K
}
Event: 5.497 GC heap before
{Heap before GC invocations=23 (full 0):
 garbage-first heap   total 237568K, used 156035K [0x0000000082000000, 0x0000000100000000)
  region size 1024K, 83 young (84992K), 2 survivors (2048K)
 Metaspace       used 42810K, committed 43200K, reserved 1089536K
  class space    used 5348K, committed 5504K, reserved 1048576K
}
Event: 5.501 GC heap after
{Heap after GC invocations=24 (full 0):
 garbage-first heap   total 237568K, used 77277K [0x0000000082000000, 0x0000000100000000)
  region size 1024K, 6 young (6144K), 6 survivors (6144K)
 Metaspace       used 42810K, committed 43200K, reserved 1089536K
  class space    used 5348K, committed 5504K, reserved 1048576K
}
Event: 5.601 GC heap before
{Heap before GC invocations=25 (full 0):
 garbage-first heap   total 237568K, used 179677K [0x0000000082000000, 0x0000000100000000)
  region size 1024K, 108 young (110592K), 6 survivors (6144K)
 Metaspace       used 43625K, committed 44096K, reserved 1089536K
  class space    used 5454K, committed 5696K, reserved 1048576K
}
Event: 5.608 GC heap after
{Heap after GC invocations=26 (full 0):
 garbage-first heap   total 237568K, used 80677K [0x0000000082000000, 0x0000000100000000)
  region size 1024K, 10 young (10240K), 10 survivors (10240K)
 Metaspace       used 43625K, committed 44096K, reserved 1089536K
  class space    used 5454K, committed 5696K, reserved 1048576K
}
Event: 5.613 GC heap before
{Heap before GC invocations=26 (full 0):
 garbage-first heap   total 237568K, used 81701K [0x0000000082000000, 0x0000000100000000)
  region size 1024K, 12 young (12288K), 10 survivors (10240K)
 Metaspace       used 43655K, committed 44160K, reserved 1089536K
  class space    used 5459K, committed 5696K, reserved 1048576K
}
Event: 5.622 GC heap after
{Heap after GC invocations=27 (full 0):
 garbage-first heap   total 237568K, used 80856K [0x0000000082000000, 0x0000000100000000)
  region size 1024K, 2 young (2048K), 2 survivors (2048K)
 Metaspace       used 43655K, committed 44160K, reserved 1089536K
  class space    used 5459K, committed 5696K, reserved 1048576K
}
Event: 5.711 GC heap before
{Heap before GC invocations=27 (full 0):
 garbage-first heap   total 237568K, used 185304K [0x0000000082000000, 0x0000000100000000)
  region size 1024K, 105 young (107520K), 2 survivors (2048K)
 Metaspace       used 44643K, committed 45056K, reserved 1089536K
  class space    used 5622K, committed 5824K, reserved 1048576K
}
Event: 5.714 GC heap after
{Heap after GC invocations=28 (full 0):
 garbage-first heap   total 237568K, used 84482K [0x0000000082000000, 0x0000000100000000)
  region size 1024K, 5 young (5120K), 5 survivors (5120K)
 Metaspace       used 44643K, committed 45056K, reserved 1089536K
  class space    used 5622K, committed 5824K, reserved 1048576K
}
Event: 5.827 GC heap before
{Heap before GC invocations=28 (full 0):
 garbage-first heap   total 237568K, used 187906K [0x0000000082000000, 0x0000000100000000)
  region size 1024K, 107 young (109568K), 5 survivors (5120K)
 Metaspace       used 46482K, committed 46976K, reserved 1097728K
  class space    used 5904K, committed 6144K, reserved 1048576K
}

